0 info it worked if it ends with ok
1 verbose cli [ '/usr/bin/nodejs',
1 verbose cli   '/usr/bin/npm',
1 verbose cli   'install',
1 verbose cli   './node-dataprovider/package.json' ]
2 info using npm@1.3.10
3 info using node@v0.10.25
4 verbose cache add [ './node-dataprovider/package.json', null ]
5 verbose cache add name=undefined spec="./node-dataprovider/package.json" args=["./node-dataprovider/package.json",null]
6 verbose parsed url { protocol: null,
6 verbose parsed url   slashes: null,
6 verbose parsed url   auth: null,
6 verbose parsed url   host: null,
6 verbose parsed url   port: null,
6 verbose parsed url   hostname: null,
6 verbose parsed url   hash: null,
6 verbose parsed url   search: null,
6 verbose parsed url   query: null,
6 verbose parsed url   pathname: './node-dataprovider/package.json',
6 verbose parsed url   path: './node-dataprovider/package.json',
6 verbose parsed url   href: './node-dataprovider/package.json' }
7 silly lockFile f52b278a-node-dataprovider-package-json ./node-dataprovider/package.json
8 verbose lock ./node-dataprovider/package.json /home/bhuvanarora/.npm/f52b278a-node-dataprovider-package-json.lock
9 verbose chmod /home/bhuvanarora/tmp/npm-11731-1_qFycLM/1441708471310-0.7761408120859414/tmp.tgz 644
10 verbose tar unpack /home/bhuvanarora/tmp/npm-11731-1_qFycLM/1441708471310-0.7761408120859414/tmp.tgz
11 silly lockFile da2f8bf8-71310-0-7761408120859414-package tar:///home/bhuvanarora/tmp/npm-11731-1_qFycLM/1441708471310-0.7761408120859414/package
12 verbose lock tar:///home/bhuvanarora/tmp/npm-11731-1_qFycLM/1441708471310-0.7761408120859414/package /home/bhuvanarora/.npm/da2f8bf8-71310-0-7761408120859414-package.lock
13 silly lockFile a205e6ea-71310-0-7761408120859414-tmp-tgz tar:///home/bhuvanarora/tmp/npm-11731-1_qFycLM/1441708471310-0.7761408120859414/tmp.tgz
14 verbose lock tar:///home/bhuvanarora/tmp/npm-11731-1_qFycLM/1441708471310-0.7761408120859414/tmp.tgz /home/bhuvanarora/.npm/a205e6ea-71310-0-7761408120859414-tmp-tgz.lock
15 silly gunzTarPerm modes [ '755', '644' ]
16 error not a package /home/bhuvanarora/tmp/npm-11731-1_qFycLM/1441708471310-0.7761408120859414/tmp.tgz
17 silly lockFile da2f8bf8-71310-0-7761408120859414-package tar:///home/bhuvanarora/tmp/npm-11731-1_qFycLM/1441708471310-0.7761408120859414/package
18 silly lockFile da2f8bf8-71310-0-7761408120859414-package tar:///home/bhuvanarora/tmp/npm-11731-1_qFycLM/1441708471310-0.7761408120859414/package
19 silly lockFile a205e6ea-71310-0-7761408120859414-tmp-tgz tar:///home/bhuvanarora/tmp/npm-11731-1_qFycLM/1441708471310-0.7761408120859414/tmp.tgz
20 silly lockFile a205e6ea-71310-0-7761408120859414-tmp-tgz tar:///home/bhuvanarora/tmp/npm-11731-1_qFycLM/1441708471310-0.7761408120859414/tmp.tgz
21 silly lockFile f52b278a-node-dataprovider-package-json ./node-dataprovider/package.json
22 silly lockFile f52b278a-node-dataprovider-package-json ./node-dataprovider/package.json
23 error addLocal Could not install ./node-dataprovider/package.json
24 error Error: ENOENT, open '/home/bhuvanarora/tmp/npm-11731-1_qFycLM/1441708471310-0.7761408120859414/package/package.json'
25 error If you need help, you may report this log at:
25 error     <http://github.com/isaacs/npm/issues>
25 error or email it to:
25 error     <npm-@googlegroups.com>
26 error System Linux 3.13.0-63-generic
27 error command "/usr/bin/nodejs" "/usr/bin/npm" "install" "./node-dataprovider/package.json"
28 error cwd /home/bhuvanarora/Documents/tmp/node-websocket-zmq
29 error node -v v0.10.25
30 error npm -v 1.3.10
31 error path /home/bhuvanarora/tmp/npm-11731-1_qFycLM/1441708471310-0.7761408120859414/package/package.json
32 error code ENOENT
33 error errno 34
34 verbose exit [ 34, true ]
